<?xml version="1.0" encoding="UTF-8"?>
<!-- Generated by org.testng.reporters.JUnitReportReporter -->
<testsuite hostname="MacBook-Pro-4.local" failures="0" tests="1" name="tests.GetAndPostExamples" time="1.973" errors="0" timestamp="2023-08-24T12:04:12 EDT" skipped="0">
  <testcase classname="tests.GetAndPostExamples" name="testPost" time="1.973"/>
</testsuite> <!-- tests.GetAndPostExamples -->
