<?xml version="1.0" encoding="UTF-8"?>
<!-- Generated by org.testng.reporters.JUnitReportReporter -->
<testsuite hostname="MacBook-Pro-4.local" failures="0" tests="1" name="tests.JSONSchemaValidator" time="1.555" errors="0" timestamp="2023-08-24T16:00:27 EDT" skipped="0">
  <testcase classname="tests.JSONSchemaValidator" name="testGet" time="1.555"/>
</testsuite> <!-- tests.JSONSchemaValidator -->
