<?xml version="1.0" encoding="UTF-8"?>
<!-- Generated by org.testng.reporters.JUnitReportReporter -->
<testsuite hostname="MacBook-Pro-4.local" failures="0" tests="3" name="tests.PutPatchDeleteExamples" time="3.137" errors="0" timestamp="2023-08-24T13:20:59 EDT" skipped="0">
  <testcase classname="tests.PutPatchDeleteExamples" name="testDelete" time="1.290"/>
  <testcase classname="tests.PutPatchDeleteExamples" name="testPatch" time="0.953"/>
  <testcase classname="tests.PutPatchDeleteExamples" name="testPut" time="0.894"/>
</testsuite> <!-- tests.PutPatchDeleteExamples -->
