<?xml version="1.0" encoding="UTF-8"?>
<!-- Generated by org.testng.reporters.JUnitReportReporter -->
<testsuite hostname="MacBook-Pro-4.local" failures="0" tests="1" name="tests.TestExamples" time="1.613" errors="0" timestamp="2023-08-24T11:31:35 EDT" skipped="0">
  <testcase classname="tests.TestExamples" name="test_3" time="1.613"/>
</testsuite> <!-- tests.TestExamples -->
